[2018-08-22 13:02:00] START
[2018-08-22 13:03:26] EDIT radiomaps/models/db.py: -3
[2018-08-22 13:04:23] EDIT radiomaps/controllers/default.py: 3
[2018-08-22 14:38:22] EDIT radiomaps/controllers/default.py: 6
[2018-08-22 14:38:46] EDIT radiomaps/controllers/default.py: 0
[2018-08-22 14:40:38] EDIT radiomaps/models/menu.py: -16
[2018-08-22 14:40:58] EDIT radiomaps/models/menu.py: -37
[2018-08-22 14:41:15] EDIT radiomaps/models/menu.py: -7
[2018-08-22 14:45:15] EDIT radiomaps/views/default/index.html: 11
[2018-08-22 14:54:33] EDIT radiomaps/views/default/index.html: -26
[2018-08-22 14:55:34] EDIT radiomaps/views/default/index.html: 0
[2018-08-22 14:55:43] EDIT radiomaps/views/default/index.html: 0
[2018-08-22 14:56:14] EDIT radiomaps/views/default/index.html: 3
[2018-08-22 14:57:39] EDIT radiomaps/views/default/index.html: -1
[2018-08-22 14:59:39] EDIT radiomaps/views/default/index.html: 0
[2018-08-22 15:05:21] EDIT radiomaps/views/default/index.html: 0
[2018-08-22 15:05:36] EDIT radiomaps/views/default/index.html: 0
[2018-08-22 15:08:35] EDIT radiomaps/controllers/default.py: 24
[2018-08-22 15:11:35] EDIT radiomaps/controllers/default.py: 0
[2018-08-22 15:13:26] EDIT radiomaps/controllers/default.py: -3
[2018-08-22 15:22:28] EDIT radiomaps/controllers/default.py: 1
[2018-08-22 15:23:58] EDIT radiomaps/controllers/default.py: 1
[2018-08-22 15:24:12] EDIT radiomaps/controllers/default.py: 0
[2018-08-22 15:24:46] EDIT radiomaps/controllers/default.py: -1
[2018-08-22 16:04:53] EDIT radiomaps/views/default/index.html: 2
[2018-08-22 16:09:37] EDIT radiomaps/views/default/index.html: 2
[2018-08-23 21:12:30] EDIT radiomaps/controllers/default.py: -1
[2018-08-23 21:18:10] EDIT radiomaps/views/default/index.html: 0
[2018-08-23 21:59:16] EDIT radiomaps/views/default/index.html: 0
[2018-08-23 21:59:47] EDIT radiomaps/views/default/index.html: 0
[2018-08-23 22:05:38] EDIT radiomaps/views/default/index.html: 1
[2018-08-23 22:06:30] EDIT radiomaps/views/default/index.html: 0
[2018-08-24 18:24:19] EDIT radiomaps/controllers/default.py: 0
[2018-08-24 18:24:40] EDIT radiomaps/controllers/default.py: 0
[2018-08-24 18:29:53] EDIT radiomaps/controllers/default.py: 0
[2018-08-24 18:30:20] EDIT radiomaps/controllers/default.py: 0
[2018-08-24 18:31:29] EDIT radiomaps/controllers/default.py: 2
[2018-08-24 18:33:47] EDIT radiomaps/controllers/default.py: 0
[2018-08-24 18:38:01] EDIT radiomaps/controllers/default.py: -1
[2018-08-24 18:41:35] EDIT radiomaps/controllers/default.py: 2
[2018-08-24 18:43:58] EDIT radiomaps/controllers/default.py: 1
[2018-08-24 18:50:25] EDIT radiomaps/controllers/default.py: 0
[2018-08-24 18:53:46] EDIT radiomaps/controllers/default.py: 0
[2018-08-24 18:55:40] EDIT radiomaps/controllers/default.py: 0
[2018-08-24 19:01:12] EDIT radiomaps/controllers/default.py: 2
[2018-08-24 19:03:14] EDIT radiomaps/controllers/default.py: -1
[2018-08-24 19:07:42] EDIT radiomaps/controllers/default.py: 1
[2018-08-24 19:08:20] EDIT radiomaps/controllers/default.py: 0
[2018-08-24 19:08:37] EDIT radiomaps/controllers/default.py: 0
[2018-08-24 19:09:41] EDIT radiomaps/controllers/default.py: 1
[2018-08-24 19:11:15] EDIT radiomaps/controllers/default.py: -1
[2018-08-24 19:11:57] EDIT radiomaps/controllers/default.py: 0
[2018-08-24 19:14:31] EDIT radiomaps/controllers/default.py: 1
[2018-08-24 19:14:50] EDIT radiomaps/controllers/default.py: 0
[2018-08-24 19:15:08] EDIT radiomaps/controllers/default.py: 0
[2018-08-24 19:20:29] EDIT radiomaps/controllers/default.py: 0
[2018-08-24 19:20:50] EDIT radiomaps/controllers/default.py: 0
[2018-08-24 19:21:14] EDIT radiomaps/controllers/default.py: 0
[2018-08-24 19:21:32] EDIT radiomaps/controllers/default.py: 0
[2018-08-24 19:22:14] EDIT radiomaps/controllers/default.py: 0
[2018-08-24 19:22:33] EDIT radiomaps/controllers/default.py: 0
[2018-08-24 19:22:46] EDIT radiomaps/controllers/default.py: 0
[2018-08-24 19:23:37] EDIT radiomaps/controllers/default.py: 1
[2018-08-24 19:24:07] EDIT radiomaps/controllers/default.py: 0
[2018-08-24 19:25:02] EDIT radiomaps/controllers/default.py: 0
[2018-08-24 19:28:37] EDIT radiomaps/controllers/default.py: -4
[2018-08-24 19:28:50] EDIT radiomaps/controllers/default.py: 0
[2018-08-24 19:29:13] EDIT radiomaps/controllers/default.py: 0
[2018-08-24 19:29:23] EDIT radiomaps/controllers/default.py: 0
[2018-08-24 19:29:36] EDIT radiomaps/controllers/default.py: 0
[2018-08-24 19:30:33] EDIT radiomaps/controllers/default.py: 1
[2018-08-24 19:30:39] EDIT radiomaps/controllers/default.py: 0
[2018-08-24 19:31:49] EDIT radiomaps/controllers/default.py: 1
[2018-08-24 19:50:53] EDIT radiomaps/controllers/default.py: 1
[2018-08-24 19:52:11] EDIT radiomaps/controllers/default.py: 1
[2018-08-24 19:52:24] EDIT radiomaps/controllers/default.py: 0
[2018-08-24 19:52:31] EDIT radiomaps/controllers/default.py: 0
[2018-08-24 19:53:09] EDIT radiomaps/controllers/default.py: 0
[2018-08-24 19:53:53] EDIT radiomaps/controllers/default.py: 0
[2018-08-24 19:54:13] EDIT radiomaps/controllers/default.py: 0
[2018-08-24 19:54:38] EDIT radiomaps/controllers/default.py: -1
[2018-08-24 19:55:47] EDIT radiomaps/controllers/default.py: 0
[2018-08-24 20:01:23] EDIT radiomaps/views/default/index.html: 0
[2018-08-24 20:01:53] EDIT radiomaps/views/default/index.html: 0
[2018-08-24 20:02:08] EDIT radiomaps/views/default/index.html: 0
[2018-08-24 20:02:57] EDIT radiomaps/views/default/index.html: 0
[2018-08-24 20:03:53] EDIT radiomaps/views/default/index.html: 0
[2018-08-24 20:03:55] EDIT radiomaps/views/default/index.html: 0
[2018-08-24 20:04:00] EDIT radiomaps/views/default/index.html: 0
[2018-08-24 20:04:08] EDIT radiomaps/views/default/index.html: 0
[2018-08-24 20:06:18] EDIT radiomaps/views/default/index.html: 0
[2018-08-24 20:06:42] EDIT radiomaps/views/default/index.html: 0
[2018-08-24 20:07:32] EDIT radiomaps/views/default/index.html: 0
[2018-08-24 20:08:38] EDIT radiomaps/views/default/index.html: 0
[2018-08-24 20:08:44] EDIT radiomaps/views/default/index.html: 0
[2018-08-24 20:09:09] EDIT radiomaps/views/default/index.html: 0
[2018-08-24 20:10:35] EDIT radiomaps/views/default/index.html: 0
[2018-08-24 20:10:53] EDIT radiomaps/views/default/index.html: 0
[2018-08-24 20:11:08] EDIT radiomaps/views/default/index.html: 0
[2018-08-24 20:11:10] EDIT radiomaps/views/default/index.html: 0
[2018-08-24 20:11:28] EDIT radiomaps/views/default/index.html: -7
[2018-08-24 20:13:18] EDIT radiomaps/controllers/default.py: 1
[2018-08-24 20:13:57] EDIT radiomaps/controllers/default.py: 0
[2018-08-24 20:15:32] EDIT radiomaps/controllers/default.py: 0
[2018-08-24 20:17:31] EDIT radiomaps/controllers/default.py: 0
[2018-08-24 20:18:55] EDIT radiomaps/controllers/default.py: 0
[2018-08-24 20:18:58] EDIT radiomaps/controllers/default.py: 0
[2018-08-24 20:19:26] EDIT radiomaps/views/default/index.html: 0
[2018-08-24 20:21:07] CREATE tools.py: 0
[2018-08-24 20:26:17] EDIT radiomaps/modules/tools.py: 11
[2018-08-24 20:26:23] EDIT radiomaps/modules/tools.py: 0
[2018-08-24 20:27:02] EDIT radiomaps/controllers/default.py: 2
[2018-08-24 20:27:32] EDIT radiomaps/modules/tools.py: 2
[2018-08-24 20:28:33] EDIT radiomaps/modules/tools.py: 1
[2018-08-24 20:28:52] EDIT radiomaps/modules/tools.py: -1
[2018-08-24 20:29:19] EDIT radiomaps/controllers/default.py: -6
[2018-08-24 20:30:00] EDIT radiomaps/controllers/default.py: -4
[2018-08-24 20:32:39] EDIT radiomaps/modules/tools.py: 9
[2018-08-24 20:32:58] EDIT radiomaps/controllers/default.py: 0
[2018-08-24 20:33:11] EDIT radiomaps/modules/tools.py: 0
[2018-08-24 20:33:28] EDIT radiomaps/controllers/default.py: 0
[2018-08-24 20:34:38] EDIT radiomaps/modules/tools.py: 0
[2018-08-24 20:34:58] EDIT radiomaps/modules/tools.py: 0
[2018-08-24 20:35:08] EDIT radiomaps/controllers/default.py: 0
[2018-08-24 20:35:51] EDIT radiomaps/controllers/default.py: -5
[2018-08-24 20:37:29] EDIT radiomaps/controllers/default.py: 0
[2018-08-24 20:41:19] EDIT radiomaps/controllers/default.py: 0
[2018-08-24 20:41:33] EDIT radiomaps/views/default/index.html: 0
[2018-08-24 20:41:59] EDIT radiomaps/controllers/default.py: 0
[2018-08-24 20:42:25] EDIT radiomaps/controllers/default.py: 0
[2018-08-24 20:42:52] EDIT radiomaps/controllers/default.py: 1
[2018-08-24 20:43:08] EDIT radiomaps/controllers/default.py: 0
[2018-08-24 20:43:23] EDIT radiomaps/controllers/default.py: 0
[2018-08-24 20:48:20] EDIT radiomaps/views/default/index.html: 0
[2018-08-24 20:48:46] EDIT radiomaps/views/default/index.html: 0
[2018-08-24 20:49:28] EDIT radiomaps/views/default/index.html: 0
[2018-08-24 20:50:47] EDIT radiomaps/views/default/index.html: 0
[2018-08-24 20:50:55] EDIT radiomaps/controllers/default.py: 0
[2018-08-24 21:13:34] EDIT radiomaps/views/default/index.html: 2
[2018-08-24 21:14:26] EDIT radiomaps/views/default/index.html: 1
[2018-08-24 21:14:29] EDIT radiomaps/views/default/index.html: 0
[2018-08-24 21:16:28] EDIT radiomaps/views/default/index.html: 1
[2018-08-24 21:16:41] EDIT radiomaps/views/default/index.html: -1
[2018-08-24 21:17:03] EDIT radiomaps/views/default/index.html: 0
[2018-08-24 21:18:20] EDIT radiomaps/controllers/default.py: 0
[2018-08-24 21:21:23] EDIT radiomaps/views/default/index.html: 0
[2018-08-24 21:21:53] EDIT radiomaps/views/default/index.html: 0
[2018-08-24 21:23:19] EDIT radiomaps/controllers/default.py: 0
[2018-08-24 21:40:34] EDIT radiomaps/modules/tools.py: 7
[2018-08-24 21:43:41] EDIT radiomaps/modules/tools.py: -1
[2018-08-24 21:44:34] EDIT radiomaps/modules/tools.py: 0
[2018-08-24 22:14:25] EDIT radiomaps/models/menu.py: 0
[2018-08-24 22:15:00] EDIT radiomaps/models/menu.py: 0
[2018-08-24 22:15:53] EDIT radiomaps/models/menu.py: 0
[2018-08-24 22:16:01] EDIT radiomaps/models/menu.py: 0
[2018-08-24 22:16:48] EDIT radiomaps/models/menu.py: 0
[2018-08-24 22:17:37] EDIT radiomaps/models/menu.py: 0
[2018-08-25 11:12:14] EDIT radiomaps/controllers/default.py: 0
[2018-08-25 11:12:46] EDIT radiomaps/models/db.py: 7
[2018-08-25 11:18:02] EDIT radiomaps/models/db.py: 0
[2018-08-25 11:19:25] EDIT radiomaps/models/db.py: 0
[2018-08-25 11:26:37] EDIT radiomaps/models/db.py: -7
[2018-08-25 11:26:53] EDIT radiomaps/modules/tools.py: 19
[2018-08-25 11:28:50] EDIT radiomaps/modules/tools.py: 2
[2018-08-25 11:29:10] EDIT radiomaps/modules/tools.py: 0
[2018-08-25 11:30:12] EDIT radiomaps/controllers/default.py: 1
[2018-08-25 11:30:21] EDIT radiomaps/controllers/default.py: 0
[2018-08-25 11:30:23] EDIT radiomaps/controllers/default.py: 0
[2018-08-25 11:31:00] EDIT radiomaps/modules/tools.py: 1
[2018-08-25 11:31:32] EDIT radiomaps/modules/tools.py: 0
[2018-08-25 11:32:41] EDIT radiomaps/models/db.py: 6
[2018-08-25 11:35:12] EDIT radiomaps/models/db.py: 0
[2018-08-25 11:46:10] EDIT radiomaps/models/db.py: 1
[2018-08-25 11:49:35] EDIT radiomaps/models/db.py: 0
[2018-08-25 11:50:14] EDIT radiomaps/models/db.py: 0
[2018-08-25 11:50:29] EDIT radiomaps/models/db.py: 0
[2018-08-25 11:55:20] EDIT radiomaps/models/db.py: 0
[2018-08-25 11:55:37] EDIT radiomaps/models/db.py: 0
[2018-08-25 11:56:53] EDIT radiomaps/models/db.py: 0
[2018-08-25 12:10:18] EDIT radiomaps/models/db.py: 1
[2018-08-25 12:10:44] EDIT radiomaps/models/db.py: 0
[2018-08-25 12:11:22] EDIT radiomaps/models/db.py: 0
[2018-08-25 12:18:44] EDIT radiomaps/modules/tools.py: 5
[2018-08-25 12:19:39] EDIT radiomaps/models/db.py: 0
[2018-08-25 12:19:54] EDIT radiomaps/controllers/default.py: -1
[2018-08-25 12:20:23] EDIT radiomaps/models/db.py: 0
[2018-08-25 12:21:18] EDIT radiomaps/models/db.py: 0
[2018-08-25 12:21:34] EDIT radiomaps/models/db.py: 0
[2018-08-25 12:21:40] EDIT radiomaps/models/db.py: 0
[2018-08-25 12:22:17] EDIT radiomaps/models/db.py: 0
[2018-08-25 12:23:00] EDIT radiomaps/models/db.py: -1
[2018-08-25 12:24:08] EDIT radiomaps/models/db.py: 1
[2018-08-25 12:24:31] EDIT radiomaps/controllers/default.py: 1
[2018-08-25 12:25:06] EDIT radiomaps/modules/tools.py: 0
[2018-08-25 12:25:10] EDIT radiomaps/modules/tools.py: 0
[2018-08-25 12:26:02] EDIT radiomaps/modules/tools.py: 0
[2018-08-25 12:26:22] EDIT radiomaps/modules/tools.py: -2
[2018-08-25 12:27:29] EDIT radiomaps/modules/tools.py: 0
[2018-08-25 12:27:44] EDIT radiomaps/modules/tools.py: 0
[2018-08-25 12:28:57] EDIT radiomaps/models/db.py: 0
[2018-08-25 12:29:17] EDIT radiomaps/controllers/default.py: -1
[2018-08-25 12:34:39] EDIT radiomaps/models/db.py: 0
[2018-08-25 12:35:33] EDIT radiomaps/modules/tools.py: 0
[2018-08-25 12:35:39] EDIT radiomaps/controllers/default.py: 1
[2018-08-25 12:37:37] EDIT radiomaps/controllers/default.py: -1
[2018-08-25 12:58:14] EDIT radiomaps/controllers/default.py: 5
[2018-08-25 12:59:01] EDIT radiomaps/controllers/default.py: 0
[2018-08-25 12:59:20] EDIT radiomaps/controllers/default.py: 0
[2018-08-25 12:59:43] EDIT radiomaps/controllers/default.py: 1
[2018-08-25 12:59:59] EDIT radiomaps/controllers/default.py: 0
[2018-08-25 13:08:32] EDIT radiomaps/controllers/default.py: 2
[2018-08-25 13:11:57] EDIT radiomaps/views/default/index.html: 7
[2018-08-25 13:12:18] EDIT radiomaps/views/default/index.html: 0
[2018-08-25 13:12:59] EDIT radiomaps/views/default/index.html: 0
[2018-08-25 13:14:10] EDIT radiomaps/views/default/index.html: 9
[2018-08-25 13:15:45] EDIT radiomaps/views/default/index.html: 1
[2018-08-25 13:17:20] EDIT radiomaps/views/default/index.html: -14
[2018-08-25 13:19:45] EDIT radiomaps/views/default/index.html: 1
[2018-08-25 13:20:33] EDIT radiomaps/views/default/index.html: 0
[2018-08-25 13:22:46] EDIT radiomaps/views/default/index.html: 0
[2018-08-25 13:23:11] EDIT radiomaps/views/default/index.html: 0
[2018-08-25 13:23:37] EDIT radiomaps/views/default/index.html: 0
[2018-08-25 13:29:27] EDIT radiomaps/views/default/index.html: 0
[2018-08-25 13:29:41] EDIT radiomaps/views/default/index.html: 0
[2018-08-25 13:32:45] EDIT radiomaps/views/default/index.html: 1
[2018-08-25 13:33:17] EDIT radiomaps/controllers/default.py: 2
[2018-08-25 13:33:50] EDIT radiomaps/controllers/default.py: 1
[2018-08-25 16:31:04] EDIT radiomaps/controllers/default.py: 2
[2018-08-25 16:37:42] EDIT radiomaps/controllers/default.py: 0
[2018-08-25 16:38:18] EDIT radiomaps/controllers/default.py: 0
[2018-08-25 16:50:37] EDIT radiomaps/controllers/default.py: 0
[2018-08-25 16:52:57] EDIT radiomaps/controllers/default.py: 0
[2018-08-25 16:53:13] EDIT radiomaps/controllers/default.py: 0
[2018-08-25 16:53:54] EDIT radiomaps/controllers/default.py: 0
[2018-08-25 16:54:14] EDIT radiomaps/controllers/default.py: 0
[2018-08-25 16:54:45] EDIT radiomaps/controllers/default.py: 0
[2018-08-25 16:54:56] EDIT radiomaps/controllers/default.py: 0
[2018-08-25 16:56:48] EDIT radiomaps/views/default/index.html: 2
[2018-08-25 16:59:24] EDIT radiomaps/views/default/index.html: 0
[2018-08-25 16:59:48] EDIT radiomaps/views/default/index.html: 0
[2018-08-25 17:01:16] EDIT radiomaps/views/default/index.html: 0
[2018-08-25 17:02:41] EDIT radiomaps/views/default/index.html: -1
[2018-08-25 17:03:36] EDIT radiomaps/views/default/index.html: 0
[2018-08-25 17:04:02] EDIT radiomaps/views/default/index.html: 0
[2018-08-25 17:05:36] EDIT radiomaps/views/default/index.html: 1
[2018-08-25 17:08:31] EDIT radiomaps/controllers/default.py: 8
[2018-08-25 17:09:02] EDIT radiomaps/views/default/index.html: -1
[2018-08-25 17:10:36] EDIT radiomaps/controllers/default.py: 1
[2018-08-25 17:12:19] EDIT radiomaps/controllers/default.py: 0
[2018-08-25 17:12:50] EDIT radiomaps/views/default/index.html: 0
[2018-08-25 17:13:42] EDIT radiomaps/views/default/index.html: 0
[2018-08-25 17:14:52] EDIT radiomaps/controllers/default.py: 0
[2018-08-25 17:15:18] EDIT radiomaps/controllers/default.py: 0
[2018-08-25 17:17:15] EDIT radiomaps/controllers/default.py: 0
[2018-08-25 17:18:05] EDIT radiomaps/controllers/default.py: 0
[2018-08-25 17:20:09] EDIT radiomaps/controllers/default.py: 1
[2018-08-25 17:20:45] EDIT radiomaps/controllers/default.py: 0
[2018-08-25 17:21:28] EDIT radiomaps/controllers/default.py: 1
[2018-08-25 17:22:37] EDIT radiomaps/views/default/index.html: 1
[2018-08-25 17:23:16] EDIT radiomaps/views/default/index.html: -2
[2018-08-25 17:23:34] EDIT radiomaps/views/default/index.html: 0
[2018-08-25 17:27:49] EDIT radiomaps/controllers/default.py: -2
[2018-08-25 17:28:33] EDIT radiomaps/views/default/index.html: 0
[2018-08-25 17:29:29] EDIT radiomaps/views/default/index.html: -4
[2018-08-25 17:29:59] EDIT radiomaps/views/default/index.html: 0
[2018-08-25 17:31:02] EDIT radiomaps/views/default/index.html: 1
[2018-08-25 17:35:32] EDIT radiomaps/views/default/index.html: 10
[2018-08-25 17:35:39] EDIT radiomaps/views/default/index.html: 0
[2018-08-25 17:36:37] EDIT radiomaps/views/default/index.html: 0
[2018-08-25 17:38:45] EDIT radiomaps/views/default/index.html: 2
[2018-08-25 17:48:19] EDIT radiomaps/views/default/index.html: 13
[2018-08-25 17:48:34] EDIT radiomaps/views/default/index.html: 0
[2018-08-25 17:49:39] EDIT radiomaps/views/default/index.html: 1
[2018-08-25 17:50:44] EDIT radiomaps/views/default/index.html: 0
[2018-08-25 17:51:35] EDIT radiomaps/views/default/index.html: 0
[2018-08-25 17:53:59] EDIT radiomaps/views/default/index.html: 2
[2018-08-25 17:54:10] EDIT radiomaps/views/default/index.html: 0
[2018-08-25 17:55:25] EDIT radiomaps/views/default/index.html: 15
[2018-08-25 17:55:48] EDIT radiomaps/views/default/index.html: 0
[2018-08-25 17:57:11] EDIT radiomaps/views/default/index.html: 0
[2018-08-25 17:57:39] EDIT radiomaps/views/default/index.html: 0
[2018-08-25 17:57:54] EDIT radiomaps/views/default/index.html: 0
[2018-08-25 17:58:10] EDIT radiomaps/views/default/index.html: 0
[2018-08-25 18:01:45] EDIT radiomaps/views/default/index.html: -16
[2018-08-25 18:03:13] EDIT radiomaps/views/default/index.html: 0
[2018-08-25 18:03:24] EDIT radiomaps/views/default/index.html: 0
[2018-08-25 18:12:19] EDIT radiomaps/modules/tools.py: -5
[2018-08-25 18:16:35] EDIT radiomaps/controllers/default.py: 0
[2018-08-25 18:16:44] EDIT radiomaps/modules/tools.py: 4
[2018-08-25 18:17:06] EDIT radiomaps/controllers/default.py: -1
[2018-08-25 18:18:25] EDIT radiomaps/controllers/default.py: 1
[2018-08-25 18:18:58] EDIT radiomaps/views/default/index.html: 0
[2018-08-25 18:19:44] EDIT radiomaps/views/default/index.html: -12
[2018-08-25 18:20:02] EDIT radiomaps/views/default/index.html: 0
[2018-08-25 18:20:31] EDIT radiomaps/views/default/index.html: 0
[2018-08-25 18:23:15] EDIT radiomaps/controllers/default.py: 2
[2018-08-25 18:23:38] EDIT radiomaps/views/default/index.html: 0
[2018-08-25 18:24:08] EDIT radiomaps/views/default/index.html: 0
[2018-08-25 18:27:13] EDIT radiomaps/views/default/index.html: 0
[2018-08-25 18:29:40] EDIT radiomaps/controllers/default.py: 0
[2018-08-25 18:29:49] EDIT radiomaps/views/default/index.html: 0
[2018-08-25 18:30:03] EDIT radiomaps/views/default/index.html: 0
[2018-08-25 18:33:57] EDIT radiomaps/controllers/default.py: 0
[2018-08-25 18:34:17] EDIT radiomaps/controllers/default.py: -2
[2018-08-25 18:34:47] EDIT radiomaps/controllers/default.py: 0
[2018-08-25 18:35:06] EDIT radiomaps/views/default/index.html: 0
[2018-08-25 18:35:31] EDIT radiomaps/views/default/index.html: 1
[2018-08-25 18:37:59] EDIT radiomaps/views/default/index.html: 0
[2018-08-25 18:38:22] EDIT radiomaps/views/default/index.html: 0
[2018-08-25 18:38:46] EDIT radiomaps/views/default/index.html: 0
[2018-08-25 18:39:59] EDIT radiomaps/controllers/default.py: -1
[2018-08-25 18:40:12] EDIT radiomaps/views/default/index.html: -1
[2018-08-25 18:40:22] EDIT radiomaps/views/default/index.html: -1
[2018-08-25 20:56:37] EDIT radiomaps/modules/tools.py: -5
[2018-08-25 20:59:37] EDIT radiomaps/modules/tools.py: 1
[2018-08-25 21:04:19] EDIT radiomaps/views/default/index.html: 0
[2018-08-25 21:06:06] EDIT radiomaps/controllers/default.py: -1
[2018-08-25 21:06:28] EDIT radiomaps/views/default/index.html: 0
[2018-08-25 21:06:52] EDIT radiomaps/views/default/index.html: -1
[2018-08-25 21:07:30] EDIT radiomaps/views/default/index.html: 0
[2018-08-25 21:07:38] EDIT radiomaps/views/default/index.html: 0
[2018-08-25 21:08:43] EDIT radiomaps/modules/tools.py: -1
[2018-08-25 21:09:20] EDIT radiomaps/views/default/index.html: 0
[2018-08-26 09:54:03] EDIT radiomaps/views/default/index.html: 0
[2018-08-26 09:55:06] EDIT radiomaps/views/default/index.html: 1
[2018-08-26 09:59:04] EDIT radiomaps/views/default/index.html: 0
[2018-08-26 09:59:53] EDIT radiomaps/views/default/index.html: 0
[2018-08-26 10:02:10] EDIT radiomaps/views/default/index.html: 0
[2018-08-26 10:02:31] EDIT radiomaps/views/default/index.html: 0
[2018-08-26 10:07:56] EDIT radiomaps/views/default/index.html: -1
[2018-08-26 10:08:59] EDIT radiomaps/modules/tools.py: 0
[2018-08-26 10:09:06] EDIT radiomaps/controllers/default.py: 0
[2018-08-26 10:11:31] EDIT radiomaps/modules/tools.py: 2
[2018-08-26 10:12:45] EDIT radiomaps/controllers/default.py: 0
[2018-08-26 10:12:53] EDIT radiomaps/controllers/default.py: 1
[2018-08-26 10:14:44] EDIT radiomaps/modules/tools.py: 0
[2018-08-26 10:16:31] EDIT radiomaps/modules/tools.py: 1
[2018-08-26 10:17:36] EDIT radiomaps/modules/tools.py: 2
[2018-08-26 10:18:04] EDIT radiomaps/controllers/default.py: 0
[2018-08-26 10:20:20] EDIT radiomaps/modules/tools.py: 1
[2018-08-26 10:20:53] EDIT radiomaps/modules/tools.py: 0
[2018-08-26 10:22:00] EDIT radiomaps/modules/tools.py: 1
[2018-08-26 10:23:45] EDIT radiomaps/modules/tools.py: -1
[2018-08-26 10:24:01] EDIT radiomaps/modules/tools.py: 0
[2018-08-26 10:24:28] EDIT radiomaps/controllers/default.py: -1
[2018-08-26 10:31:14] EDIT radiomaps/controllers/default.py: 2
[2018-08-26 10:33:13] EDIT radiomaps/controllers/default.py: 1
[2018-08-26 10:33:57] EDIT radiomaps/models/db.py: 0
[2018-08-26 10:36:30] EDIT radiomaps/controllers/default.py: 0
[2018-08-26 10:42:20] EDIT radiomaps/views/default/index.html: -4
[2018-08-26 10:45:04] EDIT radiomaps/controllers/default.py: -2
[2018-08-26 10:45:16] EDIT radiomaps/controllers/default.py: -1
[2018-08-26 10:48:01] EDIT radiomaps/controllers/default.py: 8
[2018-08-26 10:48:21] EDIT radiomaps/controllers/default.py: 0
[2018-08-26 10:49:08] EDIT radiomaps/views/default/index.html: 0
[2018-08-26 10:54:56] EDIT radiomaps/views/default/index.html: 0
[2018-08-26 10:55:18] EDIT radiomaps/views/default/index.html: 0
[2018-08-26 10:55:45] EDIT radiomaps/views/default/index.html: 0
[2018-08-26 10:55:55] EDIT radiomaps/views/default/index.html: 0
[2018-08-26 11:00:28] EDIT radiomaps/modules/tools.py: 0
[2018-08-26 11:07:26] EDIT radiomaps/views/default/index.html: 0
[2018-08-26 11:09:43] EDIT radiomaps/controllers/default.py: 0
[2018-08-26 11:13:43] EDIT radiomaps/controllers/default.py: 2
[2018-08-26 11:14:11] EDIT radiomaps/controllers/default.py: 1
[2018-08-26 11:15:03] EDIT radiomaps/controllers/default.py: 0
[2018-08-26 11:16:12] EDIT radiomaps/controllers/default.py: 0
[2018-08-26 11:21:18] EDIT radiomaps/views/default/index.html: 8
[2018-08-26 11:21:24] EDIT radiomaps/views/default/index.html: 0
[2018-08-26 11:21:44] EDIT radiomaps/views/default/index.html: 0
[2018-08-26 11:22:52] EDIT radiomaps/controllers/default.py: 0
[2018-08-26 11:23:54] EDIT radiomaps/controllers/default.py: 0
[2018-08-26 11:24:55] EDIT radiomaps/controllers/default.py: -2
[2018-08-26 11:34:33] EDIT radiomaps/views/default/index.html: 3
[2018-08-26 11:35:24] EDIT radiomaps/views/default/index.html: 2
[2018-08-26 11:36:05] EDIT radiomaps/views/default/index.html: 0
[2018-08-26 11:39:48] EDIT radiomaps/controllers/default.py: 3
[2018-08-26 11:39:59] EDIT radiomaps/controllers/default.py: 0
[2018-08-26 11:40:14] EDIT radiomaps/controllers/default.py: 0
[2018-08-26 11:44:40] EDIT radiomaps/controllers/default.py: 0
[2018-08-26 11:46:37] EDIT radiomaps/controllers/default.py: 0
[2018-08-26 11:48:18] EDIT radiomaps/controllers/default.py: 2
[2018-08-26 11:48:53] EDIT radiomaps/controllers/default.py: 0
[2018-08-26 11:49:01] EDIT radiomaps/controllers/default.py: 0
[2018-08-26 11:51:04] EDIT radiomaps/controllers/default.py: 0
[2018-08-26 11:53:46] EDIT radiomaps/controllers/default.py: 0
[2018-08-26 11:58:43] EDIT radiomaps/controllers/default.py: 0
[2018-08-26 11:58:46] EDIT radiomaps/controllers/default.py: 0
[2018-08-26 11:59:14] EDIT radiomaps/controllers/default.py: 0
[2018-08-26 12:15:01] EDIT radiomaps/controllers/default.py: 0
