timestamp: 2018-08-25T18:17:50.325832
CREATE TABLE "auth_user"(
    "id" INTEGER PRIMARY KEY AUTOINCREMENT,
    "first_name" CHAR(128),
    "last_name" CHAR(128),
    "email" CHAR(512),
    "password" CHAR(512),
    "registration_key" CHAR(512),
    "reset_password_key" CHAR(512),
    "registration_id" CHAR(512)
);
success!
timestamp: 2018-08-25T18:17:50.352348
CREATE TABLE "auth_group"(
    "id" INTEGER PRIMARY KEY AUTOINCREMENT,
    "role" CHAR(512),
    "description" TEXT
);
success!
timestamp: 2018-08-25T18:17:50.369061
CREATE TABLE "auth_membership"(
    "id" INTEGER PRIMARY KEY AUTOINCREMENT,
    "user_id" INTEGER REFERENCES "auth_user" ("id") ON DELETE CASCADE  ,
    "group_id" INTEGER REFERENCES "auth_group" ("id") ON DELETE CASCADE  
);
success!
timestamp: 2018-08-25T18:17:50.393954
CREATE TABLE "auth_permission"(
    "id" INTEGER PRIMARY KEY AUTOINCREMENT,
    "group_id" INTEGER REFERENCES "auth_group" ("id") ON DELETE CASCADE  ,
    "name" CHAR(512),
    "table_name" CHAR(512),
    "record_id" INTEGER
);
success!
timestamp: 2018-08-25T18:17:50.422995
CREATE TABLE "auth_event"(
    "id" INTEGER PRIMARY KEY AUTOINCREMENT,
    "time_stamp" TIMESTAMP,
    "client_ip" CHAR(512),
    "user_id" INTEGER REFERENCES "auth_user" ("id") ON DELETE CASCADE  ,
    "origin" CHAR(512),
    "description" TEXT
);
success!
timestamp: 2018-08-25T18:17:50.449839
CREATE TABLE "auth_cas"(
    "id" INTEGER PRIMARY KEY AUTOINCREMENT,
    "user_id" INTEGER REFERENCES "auth_user" ("id") ON DELETE CASCADE  ,
    "created_on" TIMESTAMP,
    "service" CHAR(512),
    "ticket" CHAR(512),
    "renew" CHAR(1)
);
success!
timestamp: 2018-08-25T18:17:50.476008
CREATE TABLE "ippos"(
    "id" SERIAL PRIMARY KEY,
    "ip" VARCHAR(20),
    "descricao" VARCHAR(80)
);
success!
timestamp: 2018-08-26T10:34:00.421266
ALTER TABLE "ippos" ADD "descricao__tmp" VARCHAR(180);
UPDATE "ippos" SET "descricao__tmp"="descricao";
ALTER TABLE "ippos" DROP COLUMN "descricao";
ALTER TABLE "ippos" ADD "descricao" VARCHAR(180);
UPDATE "ippos" SET "descricao"="descricao__tmp";
ALTER TABLE "ippos" DROP COLUMN "descricao__tmp";
success!
